<?xml version="1.0" encoding="UTF-8"?>
<!-- Generated by org.testng.reporters.JUnitReportReporter -->
<testsuite skipped="0" hostname="DESKTOP-0VKIN4N" name="com.clearcode.testsuite.TestSuite1" tests="4" failures="0" timestamp="2020-06-21T17:44:19 IST" time="61.858" errors="0">
  <testcase name="loginAdmin" time="20.304" classname="com.clearcode.testsuite.TestSuite1"/>
  <testcase name="loginAdmin" time="13.638" classname="com.clearcode.testsuite.TestSuite1"/>
  <testcase name="loginAdmin" time="14.249" classname="com.clearcode.testsuite.TestSuite1"/>
  <testcase name="loginAdmin" time="13.667" classname="com.clearcode.testsuite.TestSuite1"/>
</testsuite> <!-- com.clearcode.testsuite.TestSuite1 -->
