<?xml version="1.0" encoding="UTF-8"?>
<!-- Generated by org.testng.reporters.JUnitReportReporter -->
<testsuite skipped="0" hostname="DESKTOP-0VKIN4N" name="com.clearcode.testsuite.TestSuite2" tests="1" failures="0" timestamp="2020-06-18T14:30:52 IST" time="3.772" errors="0">
  <testcase name="test3" time="3.772" classname="com.clearcode.testsuite.TestSuite2"/>
</testsuite> <!-- com.clearcode.testsuite.TestSuite2 -->
